KICK:USER::HeartBeat ReSendKickUser_LockByShareMem...User GUID=3D671A89 Status=6 (-136251696)(T0=2015-9-26_7:16:56 T1=87264.6480)
KICK:USER::HeartBeat ReSendKickUser_LockByShareMem...User GUID=3E96FD5C Status=6 (-136251696)(T0=2015-9-26_7:16:56 T1=87264.6480)
KICK:USER::HeartBeat ReSendKickUser_LockByShareMem...User GUID=3E95BCF7 Status=6 (-136251696)(T0=2015-9-26_7:16:56 T1=87264.6480)
KICK:USER::HeartBeat ReSendKickUser_LockByShareMem...User GUID=3E96A5F7 Status=6 (-136251696)(T0=2015-9-26_7:16:56 T1=87264.6480)
KICK:USER::HeartBeat ReSendKickUser_LockByShareMem...User GUID=3E95C315 Status=6 (-136251696)(T0=2015-9-26_7:16:56 T1=87264.6480)
KICK:USER::HeartBeat ReSendKickUser_LockByShareMem...User GUID=3E95D0D4 Status=6 (-136251696)(T0=2015-9-26_7:16:56 T1=87264.6480)
KICK:USER::HeartBeat ReSendKickUser_LockByShareMem...User GUID=3E9714CC Status=6 (-136251696)(T0=2015-9-26_7:16:56 T1=87264.6490)
KICK:USER::HeartBeat ReSendKickUser_LockByShareMem...User GUID=3D671A89 Status=6 (-136251696)(T0=2015-9-26_7:17:6 T1=87274.7240)
KICK:USER::HeartBeat ReSendKickUser_LockByShareMem...User GUID=3E96FD5C Status=6 (-136251696)(T0=2015-9-26_7:17:6 T1=87274.7240)
KICK:USER::HeartBeat ReSendKickUser_LockByShareMem...User GUID=3E95BCF7 Status=6 (-136251696)(T0=2015-9-26_7:17:6 T1=87274.7240)
KICK:USER::HeartBeat ReSendKickUser_LockByShareMem...User GUID=3E96A5F7 Status=6 (-136251696)(T0=2015-9-26_7:17:6 T1=87274.7240)
KICK:USER::HeartBeat ReSendKickUser_LockByShareMem...User GUID=3E95C315 Status=6 (-136251696)(T0=2015-9-26_7:17:6 T1=87274.7240)
KICK:USER::HeartBeat ReSendKickUser_LockByShareMem...User GUID=3E95D0D4 Status=6 (-136251696)(T0=2015-9-26_7:17:6 T1=87274.7240)
KICK:USER::HeartBeat ReSendKickUser_LockByShareMem...User GUID=3E9714CC Status=6 (-136251696)(T0=2015-9-26_7:17:6 T1=87274.7240)
KICK:USER::HeartBeat ReSendKickUser_LockByShareMem...User GUID=3D671A89 Status=6 (-136251696)(T0=2015-9-26_7:17:16 T1=87284.7900)
KICK:USER::HeartBeat ReSendKickUser_LockByShareMem...User GUID=3E96FD5C Status=6 (-136251696)(T0=2015-9-26_7:17:16 T1=87284.7900)
KICK:USER::HeartBeat ReSendKickUser_LockByShareMem...User GUID=3E95BCF7 Status=6 (-136251696)(T0=2015-9-26_7:17:16 T1=87284.7900)
KICK:USER::HeartBeat ReSendKickUser_LockByShareMem...User GUID=3E96A5F7 Status=6 (-136251696)(T0=2015-9-26_7:17:16 T1=87284.7900)
KICK:USER::HeartBeat ReSendKickUser_LockByShareMem...User GUID=3E95C315 Status=6 (-136251696)(T0=2015-9-26_7:17:16 T1=87284.7900)
KICK:USER::HeartBeat ReSendKickUser_LockByShareMem...User GUID=3E95D0D4 Status=6 (-136251696)(T0=2015-9-26_7:17:16 T1=87284.7900)
KICK:USER::HeartBeat ReSendKickUser_LockByShareMem...User GUID=3E9714CC Status=6 (-136251696)(T0=2015-9-26_7:17:16 T1=87284.7900)
KICK:USER::HeartBeat ReSendKickUser_LockByShareMem...User GUID=3D671A89 Status=6 (-136251696)(T0=2015-9-26_7:17:26 T1=87294.8610)
KICK:USER::HeartBeat ReSendKickUser_LockByShareMem...User GUID=3E96FD5C Status=6 (-136251696)(T0=2015-9-26_7:17:26 T1=87294.8610)
KICK:USER::HeartBeat ReSendKickUser_LockByShareMem...User GUID=3E95BCF7 Status=6 (-136251696)(T0=2015-9-26_7:17:26 T1=87294.8610)
KICK:USER::HeartBeat ReSendKickUser_LockByShareMem...User GUID=3E96A5F7 Status=6 (-136251696)(T0=2015-9-26_7:17:26 T1=87294.8610)
KICK:USER::HeartBeat ReSendKickUser_LockByShareMem...User GUID=3E95C315 Status=6 (-136251696)(T0=2015-9-26_7:17:26 T1=87294.8610)
KICK:USER::HeartBeat ReSendKickUser_LockByShareMem...User GUID=3E95D0D4 Status=6 (-136251696)(T0=2015-9-26_7:17:26 T1=87294.8610)
KICK:USER::HeartBeat ReSendKickUser_LockByShareMem...User GUID=3E9714CC Status=6 (-136251696)(T0=2015-9-26_7:17:26 T1=87294.8610)
KICK:USER::HeartBeat ReSendKickUser_LockByShareMem...User GUID=3D671A89 Status=6 (-136251696)(T0=2015-9-26_7:17:37 T1=87304.9380)
KICK:USER::HeartBeat ReSendKickUser_LockByShareMem...User GUID=3E96FD5C Status=6 (-136251696)(T0=2015-9-26_7:17:37 T1=87304.9380)
KICK:USER::HeartBeat ReSendKickUser_LockByShareMem...User GUID=3E95BCF7 Status=6 (-136251696)(T0=2015-9-26_7:17:37 T1=87304.9380)
KICK:USER::HeartBeat ReSendKickUser_LockByShareMem...User GUID=3E96A5F7 Status=6 (-136251696)(T0=2015-9-26_7:17:37 T1=87304.9380)
KICK:USER::HeartBeat ReSendKickUser_LockByShareMem...User GUID=3E95C315 Status=6 (-136251696)(T0=2015-9-26_7:17:37 T1=87304.9380)
KICK:USER::HeartBeat ReSendKickUser_LockByShareMem...User GUID=3E95D0D4 Status=6 (-136251696)(T0=2015-9-26_7:17:37 T1=87304.9380)
KICK:USER::HeartBeat ReSendKickUser_LockByShareMem...User GUID=3E9714CC Status=6 (-136251696)(T0=2015-9-26_7:17:37 T1=87304.9380)
KICK:USER::HeartBeat ReSendKickUser_LockByShareMem...User GUID=3D671A89 Status=6 (-136251696)(T0=2015-9-26_7:17:47 T1=87315.0150)
KICK:USER::HeartBeat ReSendKickUser_LockByShareMem...User GUID=3E96FD5C Status=6 (-136251696)(T0=2015-9-26_7:17:47 T1=87315.0150)
KICK:USER::HeartBeat ReSendKickUser_LockByShareMem...User GUID=3E95BCF7 Status=6 (-136251696)(T0=2015-9-26_7:17:47 T1=87315.0150)
KICK:USER::HeartBeat ReSendKickUser_LockByShareMem...User GUID=3E96A5F7 Status=6 (-136251696)(T0=2015-9-26_7:17:47 T1=87315.0150)
KICK:USER::HeartBeat ReSendKickUser_LockByShareMem...User GUID=3E95C315 Status=6 (-136251696)(T0=2015-9-26_7:17:47 T1=87315.0150)
KICK:USER::HeartBeat ReSendKickUser_LockByShareMem...User GUID=3E95D0D4 Status=6 (-136251696)(T0=2015-9-26_7:17:47 T1=87315.0150)
KICK:USER::HeartBeat ReSendKickUser_LockByShareMem...User GUID=3E9714CC Status=6 (-136251696)(T0=2015-9-26_7:17:47 T1=87315.0150)
KICK:USER::HeartBeat ReSendKickUser_LockByShareMem...User GUID=3D671A89 Status=6 (-136251696)(T0=2015-9-26_7:17:57 T1=87325.1090)
KICK:USER::HeartBeat ReSendKickUser_LockByShareMem...User GUID=3E96FD5C Status=6 (-136251696)(T0=2015-9-26_7:17:57 T1=87325.1090)
KICK:USER::HeartBeat ReSendKickUser_LockByShareMem...User GUID=3E95BCF7 Status=6 (-136251696)(T0=2015-9-26_7:17:57 T1=87325.1090)
KICK:USER::HeartBeat ReSendKickUser_LockByShareMem...User GUID=3E96A5F7 Status=6 (-136251696)(T0=2015-9-26_7:17:57 T1=87325.1090)
KICK:USER::HeartBeat ReSendKickUser_LockByShareMem...User GUID=3E95C315 Status=6 (-136251696)(T0=2015-9-26_7:17:57 T1=87325.1090)
KICK:USER::HeartBeat ReSendKickUser_LockByShareMem...User GUID=3E95D0D4 Status=6 (-136251696)(T0=2015-9-26_7:17:57 T1=87325.1090)
KICK:USER::HeartBeat ReSendKickUser_LockByShareMem...User GUID=3E9714CC Status=6 (-136251696)(T0=2015-9-26_7:17:57 T1=87325.1090)
KICK:USER::HeartBeat ReSendKickUser_LockByShareMem...User GUID=3D671A89 Status=6 (-136251696)(T0=2015-9-26_7:18:7 T1=87335.1130)
KICK:USER::HeartBeat ReSendKickUser_LockByShareMem...User GUID=3E96FD5C Status=6 (-136251696)(T0=2015-9-26_7:18:7 T1=87335.1130)
KICK:USER::HeartBeat ReSendKickUser_LockByShareMem...User GUID=3E95BCF7 Status=6 (-136251696)(T0=2015-9-26_7:18:7 T1=87335.1130)
KICK:USER::HeartBeat ReSendKickUser_LockByShareMem...User GUID=3E96A5F7 Status=6 (-136251696)(T0=2015-9-26_7:18:7 T1=87335.1130)
KICK:USER::HeartBeat ReSendKickUser_LockByShareMem...User GUID=3E95C315 Status=6 (-136251696)(T0=2015-9-26_7:18:7 T1=87335.1130)
KICK:USER::HeartBeat ReSendKickUser_LockByShareMem...User GUID=3E95D0D4 Status=6 (-136251696)(T0=2015-9-26_7:18:7 T1=87335.1130)
KICK:USER::HeartBeat ReSendKickUser_LockByShareMem...User GUID=3E9714CC Status=6 (-136251696)(T0=2015-9-26_7:18:7 T1=87335.1130)
KICK:USER::HeartBeat ReSendKickUser_LockByShareMem...User GUID=3D671A89 Status=6 (-136251696)(T0=2015-9-26_7:18:17 T1=87345.1210)
KICK:USER::HeartBeat ReSendKickUser_LockByShareMem...User GUID=3E96FD5C Status=6 (-136251696)(T0=2015-9-26_7:18:17 T1=87345.1210)
KICK:USER::HeartBeat ReSendKickUser_LockByShareMem...User GUID=3E95BCF7 Status=6 (-136251696)(T0=2015-9-26_7:18:17 T1=87345.1210)
KICK:USER::HeartBeat ReSendKickUser_LockByShareMem...User GUID=3E96A5F7 Status=6 (-136251696)(T0=2015-9-26_7:18:17 T1=87345.1210)
KICK:USER::HeartBeat ReSendKickUser_LockByShareMem...User GUID=3E95C315 Status=6 (-136251696)(T0=2015-9-26_7:18:17 T1=87345.1210)
KICK:USER::HeartBeat ReSendKickUser_LockByShareMem...User GUID=3E95D0D4 Status=6 (-136251696)(T0=2015-9-26_7:18:17 T1=87345.1210)
KICK:USER::HeartBeat ReSendKickUser_LockByShareMem...User GUID=3E9714CC Status=6 (-136251696)(T0=2015-9-26_7:18:17 T1=87345.1210)
KICK:USER::HeartBeat ReSendKickUser_LockByShareMem...User GUID=3D671A89 Status=6 (-136251696)(T0=2015-9-26_7:18:27 T1=87355.2200)
KICK:USER::HeartBeat ReSendKickUser_LockByShareMem...User GUID=3E96FD5C Status=6 (-136251696)(T0=2015-9-26_7:18:27 T1=87355.2200)
KICK:USER::HeartBeat ReSendKickUser_LockByShareMem...User GUID=3E95BCF7 Status=6 (-136251696)(T0=2015-9-26_7:18:27 T1=87355.2200)
KICK:USER::HeartBeat ReSendKickUser_LockByShareMem...User GUID=3E96A5F7 Status=6 (-136251696)(T0=2015-9-26_7:18:27 T1=87355.2200)
KICK:USER::HeartBeat ReSendKickUser_LockByShareMem...User GUID=3E95C315 Status=6 (-136251696)(T0=2015-9-26_7:18:27 T1=87355.2200)
KICK:USER::HeartBeat ReSendKickUser_LockByShareMem...User GUID=3E95D0D4 Status=6 (-136251696)(T0=2015-9-26_7:18:27 T1=87355.2200)
KICK:USER::HeartBeat ReSendKickUser_LockByShareMem...User GUID=3E9714CC Status=6 (-136251696)(T0=2015-9-26_7:18:27 T1=87355.2200)
KICK:USER::HeartBeat ReSendKickUser_LockByShareMem...User GUID=3D671A89 Status=6 (-136251696)(T0=2015-9-26_7:18:37 T1=87365.2360)
KICK:USER::HeartBeat ReSendKickUser_LockByShareMem...User GUID=3E96FD5C Status=6 (-136251696)(T0=2015-9-26_7:18:37 T1=87365.2360)
KICK:USER::HeartBeat ReSendKickUser_LockByShareMem...User GUID=3E95BCF7 Status=6 (-136251696)(T0=2015-9-26_7:18:37 T1=87365.2360)
KICK:USER::HeartBeat ReSendKickUser_LockByShareMem...User GUID=3E96A5F7 Status=6 (-136251696)(T0=2015-9-26_7:18:37 T1=87365.2360)
KICK:USER::HeartBeat ReSendKickUser_LockByShareMem...User GUID=3E95C315 Status=6 (-136251696)(T0=2015-9-26_7:18:37 T1=87365.2360)
KICK:USER::HeartBeat ReSendKickUser_LockByShareMem...User GUID=3E95D0D4 Status=6 (-136251696)(T0=2015-9-26_7:18:37 T1=87365.2360)
KICK:USER::HeartBeat ReSendKickUser_LockByShareMem...User GUID=3E9714CC Status=6 (-136251696)(T0=2015-9-26_7:18:37 T1=87365.2360)
KICK:USER::HeartBeat ReSendKickUser_LockByShareMem...User GUID=3D671A89 Status=6 (-136251696)(T0=2015-9-26_7:18:47 T1=87375.2410)
KICK:USER::HeartBeat ReSendKickUser_LockByShareMem...User GUID=3E96FD5C Status=6 (-136251696)(T0=2015-9-26_7:18:47 T1=87375.2410)
KICK:USER::HeartBeat ReSendKickUser_LockByShareMem...User GUID=3E95BCF7 Status=6 (-136251696)(T0=2015-9-26_7:18:47 T1=87375.2410)
KICK:USER::HeartBeat ReSendKickUser_LockByShareMem...User GUID=3E96A5F7 Status=6 (-136251696)(T0=2015-9-26_7:18:47 T1=87375.2410)
KICK:USER::HeartBeat ReSendKickUser_LockByShareMem...User GUID=3E95C315 Status=6 (-136251696)(T0=2015-9-26_7:18:47 T1=87375.2410)
KICK:USER::HeartBeat ReSendKickUser_LockByShareMem...User GUID=3E95D0D4 Status=6 (-136251696)(T0=2015-9-26_7:18:47 T1=87375.2410)
KICK:USER::HeartBeat ReSendKickUser_LockByShareMem...User GUID=3E9714CC Status=6 (-136251696)(T0=2015-9-26_7:18:47 T1=87375.2410)
KICK:USER::HeartBeat ReSendKickUser_LockByShareMem...User GUID=3D671A89 Status=6 (-136251696)(T0=2015-9-26_7:18:57 T1=87385.3300)
KICK:USER::HeartBeat ReSendKickUser_LockByShareMem...User GUID=3E96FD5C Status=6 (-136251696)(T0=2015-9-26_7:18:57 T1=87385.3300)
KICK:USER::HeartBeat ReSendKickUser_LockByShareMem...User GUID=3E95BCF7 Status=6 (-136251696)(T0=2015-9-26_7:18:57 T1=87385.3300)
KICK:USER::HeartBeat ReSendKickUser_LockByShareMem...User GUID=3E96A5F7 Status=6 (-136251696)(T0=2015-9-26_7:18:57 T1=87385.3300)
KICK:USER::HeartBeat ReSendKickUser_LockByShareMem...User GUID=3E95C315 Status=6 (-136251696)(T0=2015-9-26_7:18:57 T1=87385.3300)
KICK:USER::HeartBeat ReSendKickUser_LockByShareMem...User GUID=3E95D0D4 Status=6 (-136251696)(T0=2015-9-26_7:18:57 T1=87385.3300)
KICK:USER::HeartBeat ReSendKickUser_LockByShareMem...User GUID=3E9714CC Status=6 (-136251696)(T0=2015-9-26_7:18:57 T1=87385.3300)
KICK:USER::HeartBeat ReSendKickUser_LockByShareMem...User GUID=3D671A89 Status=6 (-136251696)(T0=2015-9-26_7:19:7 T1=87395.3370)
KICK:USER::HeartBeat ReSendKickUser_LockByShareMem...User GUID=3E96FD5C Status=6 (-136251696)(T0=2015-9-26_7:19:7 T1=87395.3370)
KICK:USER::HeartBeat ReSendKickUser_LockByShareMem...User GUID=3E95BCF7 Status=6 (-136251696)(T0=2015-9-26_7:19:7 T1=87395.3370)
KICK:USER::HeartBeat ReSendKickUser_LockByShareMem...User GUID=3E96A5F7 Status=6 (-136251696)(T0=2015-9-26_7:19:7 T1=87395.3370)
KICK:USER::HeartBeat ReSendKickUser_LockByShareMem...User GUID=3E95C315 Status=6 (-136251696)(T0=2015-9-26_7:19:7 T1=87395.3370)
KICK:USER::HeartBeat ReSendKickUser_LockByShareMem...User GUID=3E95D0D4 Status=6 (-136251696)(T0=2015-9-26_7:19:7 T1=87395.3370)
KICK:USER::HeartBeat ReSendKickUser_LockByShareMem...User GUID=3E9714CC Status=6 (-136251696)(T0=2015-9-26_7:19:7 T1=87395.3370)
KICK:USER::HeartBeat ReSendKickUser_LockByShareMem...User GUID=3D671A89 Status=6 (-136251696)(T0=2015-9-26_7:19:17 T1=87405.3480)
KICK:USER::HeartBeat ReSendKickUser_LockByShareMem...User GUID=3E96FD5C Status=6 (-136251696)(T0=2015-9-26_7:19:17 T1=87405.3480)
KICK:USER::HeartBeat ReSendKickUser_LockByShareMem...User GUID=3E95BCF7 Status=6 (-136251696)(T0=2015-9-26_7:19:17 T1=87405.3480)
KICK:USER::HeartBeat ReSendKickUser_LockByShareMem...User GUID=3E96A5F7 Status=6 (-136251696)(T0=2015-9-26_7:19:17 T1=87405.3480)
KICK:USER::HeartBeat ReSendKickUser_LockByShareMem...User GUID=3E95C315 Status=6 (-136251696)(T0=2015-9-26_7:19:17 T1=87405.3480)
KICK:USER::HeartBeat ReSendKickUser_LockByShareMem...User GUID=3E95D0D4 Status=6 (-136251696)(T0=2015-9-26_7:19:17 T1=87405.3480)
KICK:USER::HeartBeat ReSendKickUser_LockByShareMem...User GUID=3E9714CC Status=6 (-136251696)(T0=2015-9-26_7:19:17 T1=87405.3480)
KICK:USER::HeartBeat ReSendKickUser_LockByShareMem...User GUID=3D671A89 Status=6 (-136251696)(T0=2015-9-26_7:19:27 T1=87415.4060)
KICK:USER::HeartBeat ReSendKickUser_LockByShareMem...User GUID=3E96FD5C Status=6 (-136251696)(T0=2015-9-26_7:19:27 T1=87415.4060)
KICK:USER::HeartBeat ReSendKickUser_LockByShareMem...User GUID=3E95BCF7 Status=6 (-136251696)(T0=2015-9-26_7:19:27 T1=87415.4060)
KICK:USER::HeartBeat ReSendKickUser_LockByShareMem...User GUID=3E96A5F7 Status=6 (-136251696)(T0=2015-9-26_7:19:27 T1=87415.4060)
KICK:USER::HeartBeat ReSendKickUser_LockByShareMem...User GUID=3E95C315 Status=6 (-136251696)(T0=2015-9-26_7:19:27 T1=87415.4060)
KICK:USER::HeartBeat ReSendKickUser_LockByShareMem...User GUID=3E95D0D4 Status=6 (-136251696)(T0=2015-9-26_7:19:27 T1=87415.4060)
KICK:USER::HeartBeat ReSendKickUser_LockByShareMem...User GUID=3E9714CC Status=6 (-136251696)(T0=2015-9-26_7:19:27 T1=87415.4060)
KICK:USER::HeartBeat ReSendKickUser_LockByShareMem...User GUID=3D671A89 Status=6 (-136251696)(T0=2015-9-26_7:19:37 T1=87425.4090)
KICK:USER::HeartBeat ReSendKickUser_LockByShareMem...User GUID=3E96FD5C Status=6 (-136251696)(T0=2015-9-26_7:19:37 T1=87425.4090)
KICK:USER::HeartBeat ReSendKickUser_LockByShareMem...User GUID=3E95BCF7 Status=6 (-136251696)(T0=2015-9-26_7:19:37 T1=87425.4090)
KICK:USER::HeartBeat ReSendKickUser_LockByShareMem...User GUID=3E96A5F7 Status=6 (-136251696)(T0=2015-9-26_7:19:37 T1=87425.4090)
KICK:USER::HeartBeat ReSendKickUser_LockByShareMem...User GUID=3E95C315 Status=6 (-136251696)(T0=2015-9-26_7:19:37 T1=87425.4090)
KICK:USER::HeartBeat ReSendKickUser_LockByShareMem...User GUID=3E95D0D4 Status=6 (-136251696)(T0=2015-9-26_7:19:37 T1=87425.4090)
KICK:USER::HeartBeat ReSendKickUser_LockByShareMem...User GUID=3E9714CC Status=6 (-136251696)(T0=2015-9-26_7:19:37 T1=87425.4090)
KICK:USER::HeartBeat ReSendKickUser_LockByShareMem...User GUID=3D671A89 Status=6 (-136251696)(T0=2015-9-26_7:19:47 T1=87435.4740)
KICK:USER::HeartBeat ReSendKickUser_LockByShareMem...User GUID=3E96FD5C Status=6 (-136251696)(T0=2015-9-26_7:19:47 T1=87435.4740)
KICK:USER::HeartBeat ReSendKickUser_LockByShareMem...User GUID=3E95BCF7 Status=6 (-136251696)(T0=2015-9-26_7:19:47 T1=87435.4740)
KICK:USER::HeartBeat ReSendKickUser_LockByShareMem...User GUID=3E96A5F7 Status=6 (-136251696)(T0=2015-9-26_7:19:47 T1=87435.4740)
KICK:USER::HeartBeat ReSendKickUser_LockByShareMem...User GUID=3E95C315 Status=6 (-136251696)(T0=2015-9-26_7:19:47 T1=87435.4740)
KICK:USER::HeartBeat ReSendKickUser_LockByShareMem...User GUID=3E95D0D4 Status=6 (-136251696)(T0=2015-9-26_7:19:47 T1=87435.4740)
KICK:USER::HeartBeat ReSendKickUser_LockByShareMem...User GUID=3E9714CC Status=6 (-136251696)(T0=2015-9-26_7:19:47 T1=87435.4740)
